{"/Users/roqueheli/Desktop/Helsinski/blogApp/backend/blogApp/app.js": {"path":"/Users/roqueheli/Desktop/Helsinski/blogApp/backend/blogApp/app.js","statementMap":{"0":{"start":{"line":1,"column":16},"end":{"line":1,"column":34}},"1":{"start":{"line":2,"column":13},"end":{"line":2,"column":28}},"2":{"start":{"line":3,"column":0},"end":{"line":3,"column":32}},"3":{"start":{"line":5,"column":12},"end":{"line":5,"column":21}},"4":{"start":{"line":6,"column":17},"end":{"line":6,"column":36}},"5":{"start":{"line":7,"column":57},"end":{"line":7,"column":86}},"6":{"start":{"line":8,"column":15},"end":{"line":8,"column":40}},"7":{"start":{"line":9,"column":15},"end":{"line":9,"column":40}},"8":{"start":{"line":10,"column":19},"end":{"line":10,"column":51}},"9":{"start":{"line":12,"column":0},"end":{"line":12,"column":35}},"10":{"start":{"line":14,"column":0},"end":{"line":14,"column":49}},"11":{"start":{"line":16,"column":0},"end":{"line":18,"column":81}},"12":{"start":{"line":17,"column":14},"end":{"line":17,"column":49}},"13":{"start":{"line":18,"column":20},"end":{"line":18,"column":79}},"14":{"start":{"line":20,"column":0},"end":{"line":20,"column":16}},"15":{"start":{"line":22,"column":0},"end":{"line":22,"column":24}},"16":{"start":{"line":23,"column":0},"end":{"line":23,"column":23}},"17":{"start":{"line":25,"column":0},"end":{"line":25,"column":33}},"18":{"start":{"line":27,"column":0},"end":{"line":27,"column":25}},"19":{"start":{"line":28,"column":0},"end":{"line":28,"column":22}},"20":{"start":{"line":30,"column":0},"end":{"line":30,"column":21}}},"fnMap":{"0":{"name":"(anonymous_0)","decl":{"start":{"line":17,"column":8},"end":{"line":17,"column":9}},"loc":{"start":{"line":17,"column":14},"end":{"line":17,"column":49}},"line":17},"1":{"name":"(anonymous_1)","decl":{"start":{"line":18,"column":9},"end":{"line":18,"column":10}},"loc":{"start":{"line":18,"column":20},"end":{"line":18,"column":79}},"line":18}},"branchMap":{},"s":{"0":1,"1":1,"2":1,"3":1,"4":1,"5":1,"6":1,"7":1,"8":1,"9":1,"10":1,"11":1,"12":1,"13":0,"14":1,"15":1,"16":1,"17":1,"18":1,"19":1,"20":1},"f":{"0":1,"1":0},"b":{},"_coverageSchema":"1a1c01bbd47fc00a2c39e90264f33305004495a9","hash":"8f8c8926e6ed968e5ddeb5493fc6dc62d5e1ef50"}
,"/Users/roqueheli/Desktop/Helsinski/blogApp/backend/blogApp/controllers/blogApp.js": {"path":"/Users/roqueheli/Desktop/Helsinski/blogApp/backend/blogApp/controllers/blogApp.js","statementMap":{"0":{"start":{"line":1,"column":19},"end":{"line":1,"column":46}},"1":{"start":{"line":2,"column":16},"end":{"line":2,"column":44}},"2":{"start":{"line":5,"column":0},"end":{"line":8,"column":3}},"3":{"start":{"line":6,"column":15},"end":{"line":6,"column":37}},"4":{"start":{"line":7,"column":2},"end":{"line":7,"column":35}},"5":{"start":{"line":11,"column":0},"end":{"line":14,"column":3}},"6":{"start":{"line":12,"column":23},"end":{"line":12,"column":59}},"7":{"start":{"line":13,"column":2},"end":{"line":13,"column":43}},"8":{"start":{"line":17,"column":0},"end":{"line":20,"column":3}},"9":{"start":{"line":18,"column":21},"end":{"line":18,"column":75}},"10":{"start":{"line":19,"column":2},"end":{"line":19,"column":47}},"11":{"start":{"line":23,"column":0},"end":{"line":27,"column":3}},"12":{"start":{"line":24,"column":23},"end":{"line":24,"column":25}},"13":{"start":{"line":25,"column":22},"end":{"line":25,"column":117}},"14":{"start":{"line":26,"column":2},"end":{"line":26,"column":42}},"15":{"start":{"line":30,"column":0},"end":{"line":48,"column":3}},"16":{"start":{"line":31,"column":19},"end":{"line":31,"column":21}},"17":{"start":{"line":33,"column":2},"end":{"line":37,"column":3}},"18":{"start":{"line":34,"column":4},"end":{"line":36,"column":7}},"19":{"start":{"line":39,"column":17},"end":{"line":44,"column":4}},"20":{"start":{"line":46,"column":20},"end":{"line":46,"column":39}},"21":{"start":{"line":47,"column":2},"end":{"line":47,"column":40}},"22":{"start":{"line":50,"column":0},"end":{"line":50,"column":28}}},"fnMap":{"0":{"name":"(anonymous_0)","decl":{"start":{"line":5,"column":20},"end":{"line":5,"column":21}},"loc":{"start":{"line":5,"column":38},"end":{"line":8,"column":1}},"line":5},"1":{"name":"(anonymous_1)","decl":{"start":{"line":11,"column":23},"end":{"line":11,"column":24}},"loc":{"start":{"line":11,"column":41},"end":{"line":14,"column":1}},"line":11},"2":{"name":"(anonymous_2)","decl":{"start":{"line":17,"column":26},"end":{"line":17,"column":27}},"loc":{"start":{"line":17,"column":44},"end":{"line":20,"column":1}},"line":17},"3":{"name":"(anonymous_3)","decl":{"start":{"line":23,"column":23},"end":{"line":23,"column":24}},"loc":{"start":{"line":23,"column":41},"end":{"line":27,"column":1}},"line":23},"4":{"name":"(anonymous_4)","decl":{"start":{"line":30,"column":21},"end":{"line":30,"column":22}},"loc":{"start":{"line":30,"column":39},"end":{"line":48,"column":1}},"line":30}},"branchMap":{"0":{"loc":{"start":{"line":33,"column":2},"end":{"line":37,"column":3}},"type":"if","locations":[{"start":{"line":33,"column":2},"end":{"line":37,"column":3}},{"start":{},"end":{}}],"line":33},"1":{"loc":{"start":{"line":33,"column":6},"end":{"line":33,"column":131}},"type":"binary-expr","locations":[{"start":{"line":33,"column":6},"end":{"line":33,"column":18}},{"start":{"line":33,"column":22},"end":{"line":33,"column":34}},{"start":{"line":33,"column":38},"end":{"line":33,"column":47}},{"start":{"line":33,"column":51},"end":{"line":33,"column":76}},{"start":{"line":33,"column":80},"end":{"line":33,"column":105}},{"start":{"line":33,"column":109},"end":{"line":33,"column":131}}],"line":33},"2":{"loc":{"start":{"line":43,"column":11},"end":{"line":43,"column":26}},"type":"binary-expr","locations":[{"start":{"line":43,"column":11},"end":{"line":43,"column":21}},{"start":{"line":43,"column":25},"end":{"line":43,"column":26}}],"line":43}},"s":{"0":1,"1":1,"2":1,"3":7,"4":7,"5":1,"6":1,"7":1,"8":1,"9":1,"10":1,"11":1,"12":0,"13":0,"14":0,"15":1,"16":5,"17":5,"18":3,"19":2,"20":2,"21":2,"22":1},"f":{"0":7,"1":1,"2":1,"3":0,"4":5},"b":{"0":[3,2],"1":[5,4,3,2,2,2],"2":[2,2]},"_coverageSchema":"1a1c01bbd47fc00a2c39e90264f33305004495a9","hash":"efa5e9e5e3a2aa171ee18d72a0b7c118ca1bf227"}
,"/Users/roqueheli/Desktop/Helsinski/blogApp/backend/blogApp/models/blogApp.js": {"path":"/Users/roqueheli/Desktop/Helsinski/blogApp/backend/blogApp/models/blogApp.js","statementMap":{"0":{"start":{"line":1,"column":0},"end":{"line":1,"column":27}},"1":{"start":{"line":2,"column":17},"end":{"line":2,"column":36}},"2":{"start":{"line":4,"column":22},"end":{"line":20,"column":2}},"3":{"start":{"line":22,"column":0},"end":{"line":29,"column":3}},"4":{"start":{"line":24,"column":27},"end":{"line":24,"column":41}},"5":{"start":{"line":25,"column":4},"end":{"line":25,"column":54}},"6":{"start":{"line":26,"column":4},"end":{"line":26,"column":30}},"7":{"start":{"line":27,"column":4},"end":{"line":27,"column":30}},"8":{"start":{"line":31,"column":0},"end":{"line":31,"column":58}}},"fnMap":{"0":{"name":"(anonymous_0)","decl":{"start":{"line":23,"column":13},"end":{"line":23,"column":14}},"loc":{"start":{"line":23,"column":43},"end":{"line":28,"column":3}},"line":23}},"branchMap":{},"s":{"0":1,"1":1,"2":1,"3":1,"4":26,"5":26,"6":26,"7":26,"8":1},"f":{"0":26},"b":{},"_coverageSchema":"1a1c01bbd47fc00a2c39e90264f33305004495a9","hash":"57e6c048fc08a29f061e98e899f53bbe05ef209f"}
,"/Users/roqueheli/Desktop/Helsinski/blogApp/backend/blogApp/tests/test_helper.js": {"path":"/Users/roqueheli/Desktop/Helsinski/blogApp/backend/blogApp/tests/test_helper.js","statementMap":{"0":{"start":{"line":1,"column":16},"end":{"line":1,"column":44}},"1":{"start":{"line":3,"column":21},"end":{"line":17,"column":1}},"2":{"start":{"line":19,"column":22},"end":{"line":25,"column":1}},"3":{"start":{"line":20,"column":15},"end":{"line":20,"column":60}},"4":{"start":{"line":21,"column":2},"end":{"line":21,"column":20}},"5":{"start":{"line":22,"column":2},"end":{"line":22,"column":25}},"6":{"start":{"line":24,"column":2},"end":{"line":24,"column":29}},"7":{"start":{"line":27,"column":18},"end":{"line":30,"column":1}},"8":{"start":{"line":28,"column":16},"end":{"line":28,"column":38}},"9":{"start":{"line":29,"column":2},"end":{"line":29,"column":44}},"10":{"start":{"line":29,"column":29},"end":{"line":29,"column":42}},"11":{"start":{"line":32,"column":0},"end":{"line":36,"column":2}}},"fnMap":{"0":{"name":"(anonymous_0)","decl":{"start":{"line":19,"column":22},"end":{"line":19,"column":23}},"loc":{"start":{"line":19,"column":34},"end":{"line":25,"column":1}},"line":19},"1":{"name":"(anonymous_1)","decl":{"start":{"line":27,"column":18},"end":{"line":27,"column":19}},"loc":{"start":{"line":27,"column":30},"end":{"line":30,"column":1}},"line":27},"2":{"name":"(anonymous_2)","decl":{"start":{"line":29,"column":19},"end":{"line":29,"column":20}},"loc":{"start":{"line":29,"column":29},"end":{"line":29,"column":42}},"line":29}},"branchMap":{},"s":{"0":1,"1":1,"2":1,"3":0,"4":0,"5":0,"6":0,"7":1,"8":4,"9":4,"10":7,"11":1},"f":{"0":0,"1":4,"2":7},"b":{},"_coverageSchema":"1a1c01bbd47fc00a2c39e90264f33305004495a9","hash":"d271bfe38154e9f7a693bbde0c262a904181097b"}
,"/Users/roqueheli/Desktop/Helsinski/blogApp/backend/blogApp/utils/config.js": {"path":"/Users/roqueheli/Desktop/Helsinski/blogApp/backend/blogApp/utils/config.js","statementMap":{"0":{"start":{"line":1,"column":0},"end":{"line":1,"column":27}},"1":{"start":{"line":3,"column":13},"end":{"line":3,"column":29}},"2":{"start":{"line":5,"column":20},"end":{"line":7,"column":27}},"3":{"start":{"line":9,"column":0},"end":{"line":9,"column":39}}},"fnMap":{},"branchMap":{"0":{"loc":{"start":{"line":5,"column":20},"end":{"line":7,"column":27}},"type":"cond-expr","locations":[{"start":{"line":6,"column":4},"end":{"line":6,"column":32}},{"start":{"line":7,"column":4},"end":{"line":7,"column":27}}],"line":5}},"s":{"0":1,"1":1,"2":1,"3":1},"f":{},"b":{"0":[1,0]},"_coverageSchema":"1a1c01bbd47fc00a2c39e90264f33305004495a9","hash":"162cc6cbcb82b2025d1a8e2d1814cc968d1e0cb4"}
,"/Users/roqueheli/Desktop/Helsinski/blogApp/backend/blogApp/utils/for_testing.js": {"path":"/Users/roqueheli/Desktop/Helsinski/blogApp/backend/blogApp/utils/for_testing.js","statementMap":{"0":{"start":{"line":1,"column":16},"end":{"line":1,"column":63}},"1":{"start":{"line":1,"column":28},"end":{"line":1,"column":63}},"2":{"start":{"line":3,"column":16},"end":{"line":9,"column":1}},"3":{"start":{"line":4,"column":18},"end":{"line":4,"column":43}},"4":{"start":{"line":4,"column":33},"end":{"line":4,"column":43}},"5":{"start":{"line":6,"column":2},"end":{"line":8,"column":46}},"6":{"start":{"line":11,"column":0},"end":{"line":14,"column":2}}},"fnMap":{"0":{"name":"(anonymous_0)","decl":{"start":{"line":1,"column":16},"end":{"line":1,"column":17}},"loc":{"start":{"line":1,"column":28},"end":{"line":1,"column":63}},"line":1},"1":{"name":"(anonymous_1)","decl":{"start":{"line":3,"column":16},"end":{"line":3,"column":17}},"loc":{"start":{"line":3,"column":27},"end":{"line":9,"column":1}},"line":3},"2":{"name":"(anonymous_2)","decl":{"start":{"line":4,"column":18},"end":{"line":4,"column":19}},"loc":{"start":{"line":4,"column":33},"end":{"line":4,"column":43}},"line":4}},"branchMap":{"0":{"loc":{"start":{"line":6,"column":9},"end":{"line":8,"column":45}},"type":"cond-expr","locations":[{"start":{"line":7,"column":6},"end":{"line":7,"column":7}},{"start":{"line":8,"column":6},"end":{"line":8,"column":45}}],"line":6}},"s":{"0":1,"1":3,"2":1,"3":3,"4":7,"5":3,"6":1},"f":{"0":3,"1":3,"2":7},"b":{"0":[1,2]},"_coverageSchema":"1a1c01bbd47fc00a2c39e90264f33305004495a9","hash":"cd5203ea1048228b2a97303be85076faebef9a20"}
,"/Users/roqueheli/Desktop/Helsinski/blogApp/backend/blogApp/utils/list_helper.js": {"path":"/Users/roqueheli/Desktop/Helsinski/blogApp/backend/blogApp/utils/list_helper.js","statementMap":{"0":{"start":{"line":1,"column":10},"end":{"line":1,"column":27}},"1":{"start":{"line":3,"column":14},"end":{"line":5,"column":1}},"2":{"start":{"line":4,"column":2},"end":{"line":4,"column":47}},"3":{"start":{"line":7,"column":19},"end":{"line":13,"column":1}},"4":{"start":{"line":8,"column":2},"end":{"line":12,"column":12}},"5":{"start":{"line":11,"column":8},"end":{"line":11,"column":35}},"6":{"start":{"line":15,"column":21},"end":{"line":21,"column":1}},"7":{"start":{"line":16,"column":2},"end":{"line":20,"column":9}},"8":{"start":{"line":19,"column":8},"end":{"line":19,"column":55}},"9":{"start":{"line":23,"column":18},"end":{"line":28,"column":1}},"10":{"start":{"line":24,"column":2},"end":{"line":27,"column":27}},"11":{"start":{"line":26,"column":29},"end":{"line":26,"column":67}},"12":{"start":{"line":27,"column":18},"end":{"line":27,"column":25}},"13":{"start":{"line":30,"column":18},"end":{"line":35,"column":1}},"14":{"start":{"line":31,"column":2},"end":{"line":34,"column":27}},"15":{"start":{"line":33,"column":29},"end":{"line":33,"column":78}},"16":{"start":{"line":34,"column":18},"end":{"line":34,"column":25}},"17":{"start":{"line":37,"column":0},"end":{"line":43,"column":2}}},"fnMap":{"0":{"name":"(anonymous_0)","decl":{"start":{"line":3,"column":14},"end":{"line":3,"column":15}},"loc":{"start":{"line":3,"column":25},"end":{"line":5,"column":1}},"line":3},"1":{"name":"(anonymous_1)","decl":{"start":{"line":7,"column":19},"end":{"line":7,"column":20}},"loc":{"start":{"line":7,"column":30},"end":{"line":13,"column":1}},"line":7},"2":{"name":"(anonymous_2)","decl":{"start":{"line":10,"column":19},"end":{"line":10,"column":20}},"loc":{"start":{"line":10,"column":37},"end":{"line":12,"column":7}},"line":10},"3":{"name":"(anonymous_3)","decl":{"start":{"line":15,"column":21},"end":{"line":15,"column":22}},"loc":{"start":{"line":15,"column":32},"end":{"line":21,"column":1}},"line":15},"4":{"name":"(anonymous_4)","decl":{"start":{"line":18,"column":19},"end":{"line":18,"column":20}},"loc":{"start":{"line":18,"column":36},"end":{"line":20,"column":7}},"line":18},"5":{"name":"(anonymous_5)","decl":{"start":{"line":23,"column":18},"end":{"line":23,"column":19}},"loc":{"start":{"line":23,"column":29},"end":{"line":28,"column":1}},"line":23},"6":{"name":"(anonymous_6)","decl":{"start":{"line":26,"column":9},"end":{"line":26,"column":10}},"loc":{"start":{"line":26,"column":29},"end":{"line":26,"column":67}},"line":26},"7":{"name":"(anonymous_7)","decl":{"start":{"line":27,"column":11},"end":{"line":27,"column":12}},"loc":{"start":{"line":27,"column":18},"end":{"line":27,"column":25}},"line":27},"8":{"name":"(anonymous_8)","decl":{"start":{"line":30,"column":18},"end":{"line":30,"column":19}},"loc":{"start":{"line":30,"column":29},"end":{"line":35,"column":1}},"line":30},"9":{"name":"(anonymous_9)","decl":{"start":{"line":33,"column":9},"end":{"line":33,"column":10}},"loc":{"start":{"line":33,"column":29},"end":{"line":33,"column":78}},"line":33},"10":{"name":"(anonymous_10)","decl":{"start":{"line":34,"column":11},"end":{"line":34,"column":12}},"loc":{"start":{"line":34,"column":18},"end":{"line":34,"column":25}},"line":34}},"branchMap":{"0":{"loc":{"start":{"line":4,"column":9},"end":{"line":4,"column":46}},"type":"cond-expr","locations":[{"start":{"line":4,"column":30},"end":{"line":4,"column":31}},{"start":{"line":4,"column":34},"end":{"line":4,"column":46}}],"line":4},"1":{"loc":{"start":{"line":8,"column":9},"end":{"line":12,"column":11}},"type":"cond-expr","locations":[{"start":{"line":9,"column":6},"end":{"line":9,"column":7}},{"start":{"line":10,"column":6},"end":{"line":12,"column":11}}],"line":8},"2":{"loc":{"start":{"line":16,"column":9},"end":{"line":20,"column":8}},"type":"cond-expr","locations":[{"start":{"line":17,"column":6},"end":{"line":17,"column":7}},{"start":{"line":18,"column":6},"end":{"line":20,"column":8}}],"line":16},"3":{"loc":{"start":{"line":19,"column":15},"end":{"line":19,"column":54}},"type":"cond-expr","locations":[{"start":{"line":19,"column":42},"end":{"line":19,"column":46}},{"start":{"line":19,"column":49},"end":{"line":19,"column":54}}],"line":19}},"s":{"0":1,"1":1,"2":1,"3":1,"4":1,"5":1,"6":1,"7":1,"8":5,"9":1,"10":1,"11":3,"12":3,"13":1,"14":1,"15":3,"16":3,"17":1},"f":{"0":1,"1":1,"2":1,"3":1,"4":5,"5":1,"6":3,"7":3,"8":1,"9":3,"10":3},"b":{"0":[1,0],"1":[0,1],"2":[0,1],"3":[1,4]},"_coverageSchema":"1a1c01bbd47fc00a2c39e90264f33305004495a9","hash":"1b1242c82e83e784b0ebe83d637816c9edff56d7"}
,"/Users/roqueheli/Desktop/Helsinski/blogApp/backend/blogApp/utils/logger.js": {"path":"/Users/roqueheli/Desktop/Helsinski/blogApp/backend/blogApp/utils/logger.js","statementMap":{"0":{"start":{"line":1,"column":13},"end":{"line":5,"column":1}},"1":{"start":{"line":2,"column":2},"end":{"line":4,"column":3}},"2":{"start":{"line":3,"column":4},"end":{"line":3,"column":27}},"3":{"start":{"line":7,"column":14},"end":{"line":11,"column":1}},"4":{"start":{"line":8,"column":2},"end":{"line":10,"column":3}},"5":{"start":{"line":9,"column":4},"end":{"line":9,"column":29}},"6":{"start":{"line":13,"column":0},"end":{"line":13,"column":33}}},"fnMap":{"0":{"name":"(anonymous_0)","decl":{"start":{"line":1,"column":13},"end":{"line":1,"column":14}},"loc":{"start":{"line":1,"column":28},"end":{"line":5,"column":1}},"line":1},"1":{"name":"(anonymous_1)","decl":{"start":{"line":7,"column":14},"end":{"line":7,"column":15}},"loc":{"start":{"line":7,"column":29},"end":{"line":11,"column":1}},"line":7}},"branchMap":{"0":{"loc":{"start":{"line":2,"column":2},"end":{"line":4,"column":3}},"type":"if","locations":[{"start":{"line":2,"column":2},"end":{"line":4,"column":3}},{"start":{},"end":{}}],"line":2},"1":{"loc":{"start":{"line":8,"column":2},"end":{"line":10,"column":3}},"type":"if","locations":[{"start":{"line":8,"column":2},"end":{"line":10,"column":3}},{"start":{},"end":{}}],"line":8}},"s":{"0":1,"1":58,"2":0,"3":1,"4":0,"5":0,"6":1},"f":{"0":58,"1":0},"b":{"0":[0,58],"1":[0,0]},"_coverageSchema":"1a1c01bbd47fc00a2c39e90264f33305004495a9","hash":"534522093ebf4babb4117bb03a653b59d3fb7841"}
,"/Users/roqueheli/Desktop/Helsinski/blogApp/backend/blogApp/utils/middleware.js": {"path":"/Users/roqueheli/Desktop/Helsinski/blogApp/backend/blogApp/utils/middleware.js","statementMap":{"0":{"start":{"line":1,"column":15},"end":{"line":1,"column":34}},"1":{"start":{"line":3,"column":22},"end":{"line":9,"column":1}},"2":{"start":{"line":4,"column":2},"end":{"line":4,"column":41}},"3":{"start":{"line":5,"column":2},"end":{"line":5,"column":39}},"4":{"start":{"line":6,"column":2},"end":{"line":6,"column":39}},"5":{"start":{"line":7,"column":2},"end":{"line":7,"column":21}},"6":{"start":{"line":8,"column":2},"end":{"line":8,"column":9}},"7":{"start":{"line":11,"column":21},"end":{"line":21,"column":1}},"8":{"start":{"line":12,"column":2},"end":{"line":14,"column":3}},"9":{"start":{"line":13,"column":4},"end":{"line":13,"column":67}},"10":{"start":{"line":16,"column":2},"end":{"line":18,"column":3}},"11":{"start":{"line":17,"column":4},"end":{"line":17,"column":63}},"12":{"start":{"line":20,"column":2},"end":{"line":20,"column":21}},"13":{"start":{"line":23,"column":24},"end":{"line":25,"column":1}},"14":{"start":{"line":24,"column":2},"end":{"line":24,"column":53}},"15":{"start":{"line":27,"column":0},"end":{"line":27,"column":66}}},"fnMap":{"0":{"name":"(anonymous_0)","decl":{"start":{"line":3,"column":22},"end":{"line":3,"column":23}},"loc":{"start":{"line":3,"column":51},"end":{"line":9,"column":1}},"line":3},"1":{"name":"(anonymous_1)","decl":{"start":{"line":11,"column":21},"end":{"line":11,"column":22}},"loc":{"start":{"line":11,"column":57},"end":{"line":21,"column":1}},"line":11},"2":{"name":"(anonymous_2)","decl":{"start":{"line":23,"column":24},"end":{"line":23,"column":25}},"loc":{"start":{"line":23,"column":36},"end":{"line":25,"column":1}},"line":23}},"branchMap":{"0":{"loc":{"start":{"line":12,"column":2},"end":{"line":14,"column":3}},"type":"if","locations":[{"start":{"line":12,"column":2},"end":{"line":14,"column":3}},{"start":{},"end":{}}],"line":12},"1":{"loc":{"start":{"line":16,"column":2},"end":{"line":18,"column":3}},"type":"if","locations":[{"start":{"line":16,"column":2},"end":{"line":18,"column":3}},{"start":{},"end":{}}],"line":16}},"s":{"0":1,"1":1,"2":14,"3":14,"4":14,"5":14,"6":14,"7":1,"8":0,"9":0,"10":0,"11":0,"12":0,"13":1,"14":0,"15":1},"f":{"0":14,"1":0,"2":0},"b":{"0":[0,0],"1":[0,0]},"_coverageSchema":"1a1c01bbd47fc00a2c39e90264f33305004495a9","hash":"8d8de3ac2d6cf47645a63ebefd783ddde398c6d7"}
}
